<?xml version="1.0" encoding="UTF-8"?>
<!-- Generated by org.testng.reporters.JUnitReportReporter -->
<testsuite hostname="DESKTOP-A7SNONS" failures="0" tests="1" name="testCases.TC002_LoginTest" time="2.689" errors="0" timestamp="2025-08-15T23:28:52 IST" skipped="0">
  <testcase classname="testCases.TC002_LoginTest" name="verify_login" time="2.689"/>
</testsuite> <!-- testCases.TC002_LoginTest -->
