<?xml version="1.0" encoding="UTF-8"?>
<!-- Generated by org.testng.reporters.JUnitReportReporter -->
<testsuite hostname="DESKTOP-A7SNONS" failures="0" tests="1" name="testCases.TC001_AccountRegistrationTest" time="4.645" errors="0" timestamp="2025-08-15T23:06:45 IST" skipped="0">
  <testcase classname="testCases.TC001_AccountRegistrationTest" name="verify_account_registration" time="4.645"/>
</testsuite> <!-- testCases.TC001_AccountRegistrationTest -->
