<?xml version="1.0" encoding="UTF-8"?>
<!-- Generated by org.testng.reporters.JUnitReportReporter -->
<testsuite hostname="DESKTOP-A7SNONS" failures="0" tests="6" name="testCases.TC003_LoginDDT" time="53.928" errors="0" timestamp="2025-08-15T23:36:53 IST" skipped="0">
  <testcase classname="testCases.TC003_LoginDDT" name="verify_loginDDT" time="5.624"/>
  <testcase classname="testCases.TC003_LoginDDT" name="verify_loginDDT" time="15.430"/>
  <testcase classname="testCases.TC003_LoginDDT" name="verify_loginDDT" time="5.940"/>
  <testcase classname="testCases.TC003_LoginDDT" name="verify_loginDDT" time="15.123"/>
  <testcase classname="testCases.TC003_LoginDDT" name="verify_loginDDT" time="5.871"/>
  <testcase classname="testCases.TC003_LoginDDT" name="verify_loginDDT" time="5.940"/>
</testsuite> <!-- testCases.TC003_LoginDDT -->
